

> admin@0.0.0 build
> ng build

[1G[0K[?25l[2m◼[22m Building...
[2K[1A[2K[G[33m⠋[39m Building...
[2K[1A[2K[G[33m⠙[39m Building...
[2K[1A[2K[G[33m⠹[39m Building...
[2K[1A[2K[G[33m⠸[39m Building...
[2K[1A[2K[G[33m⠼[39m Building...
[2K[1A[2K[G[33m⠴[39m Building...
[2K[1A[2K[G[33m⠦[39m Building...
[2K[1A[2K[G[33m⠧[39m Building...
[2K[1A[2K[G[33m⠇[39m Building...
[2K[1A[2K[G[33m⠏[39m Building...
[2K[1A[2K[G[33m⠋[39m Building...
[2K[1A[2K[G[33m⠙[39m Building...
[2K[1A[2K[G[33m⠹[39m Building...
[2K[1A[2K[G[33m⠸[39m Building...
[2K[1A[2K[G[33m⠼[39m Building...
[2K[1A[2K[G[33m⠴[39m Building...
[2K[1A[2K[G[33m⠦[39m Building...
[2K[1A[2K[G[33m⠧[39m Building...
[2K[1A[2K[G[33m⠇[39m Building...
[2K[1A[2K[G[33m⠏[39m Building...
[2K[1A[2K[G[33m⠋[39m Building...
[2K[1A[2K[G[33m⠙[39m Building...
[2K[1A[2K[G[33m⠹[39m Building...
[2K[1A[2K[G[33m⠸[39m Building...
[2K[1A[2K[G[33m⠼[39m Building...
[2K[1A[2K[G[33m⠴[39m Building...
[2K[1A[2K[G[33m⠦[39m Building...
[2K[1A[2K[G[33m⠧[39m Building...
[2K[1A[2K[G[33m⠇[39m Building...
[2K[1A[2K[G[33m⠏[39m Building...
[2K[1A[2K[G[33m⠋[39m Building...
[2K[1A[2K[G[33m⠙[39m Building...
[2K[1A[2K[G[33m⠹[39m Building...
[2K[1A[2K[G[33m⠸[39m Building...
[2K[1A[2K[G[33m⠼[39m Building...
[2K[1A[2K[G[33m⠴[39m Building...
[2K[1A[2K[G[33m⠦[39m Building...
[2K[1A[2K[G[33m⠧[39m Building...
[2K[1A[2K[G[33m⠇[39m Building...
[2K[1A[2K[G[33m⠏[39m Building...
[2K[1A[2K[G[33m⠋[39m Building...
[2K[1A[2K[G[33m⠙[39m Building...
[2K[1A[2K[G[33m⠹[39m Building...
[2K[1A[2K[G[33m⠸[39m Building...
[2K[1A[2K[G[32m✔[39m Building...
[2K[1A[2K[G[?25h[35mBrowser bundles[39m      
[1mInitial chunk files[22m  [2m | [22m[1mNames[22m           [2m | [22m [1mRaw size[22m[2m | [22m[1mEstimated transfer size[22m
[32mmain-FVTPI4BZ.js[39m     [2m | [22m[2mmain[22m            [2m | [22m[36m246.66 kB[39m[2m | [22m               [36m68.37 kB[39m
[32mpolyfills-F54R2XRW.js[39m[2m | [22m[2mpolyfills[22m       [2m | [22m [36m34.58 kB[39m[2m | [22m               [36m11.32 kB[39m
[32mstyles-5INURTSO.css[39m  [2m | [22m[2mstyles[22m          [2m | [22m  [36m0 bytes[39m[2m | [22m                [36m0 bytes[39m

[1m [22m                    [2m | [22m[1mInitial total[22m   [2m | [22m[1m281.24 kB[22m[2m | [22m               [1m79.69 kB[22m


[35mServer bundles[39m       
[1mInitial chunk files[22m  [2m | [22m[1mNames[22m           [2m | [22m [1mRaw size[22m
[32mserver.mjs[39m           [2m | [22m[2mserver[22m          [2m | [22m[36m810.66 kB[39m[2m | [22m                       
[32mmain.server.mjs[39m      [2m | [22m[2mmain.server[22m     [2m | [22m[36m690.76 kB[39m[2m | [22m                       
[32mpolyfills.server.mjs[39m [2m | [22m[2mpolyfills.server[22m[2m | [22m[36m266.10 kB[39m[2m | [22m                       
[32mchunk-X2SEQXRR.mjs[39m   [2m | [22m[2m-[22m               [2m | [22m  [36m2.41 kB[39m[2m | [22m                       
[32mchunk-L2MVFUKD.mjs[39m   [2m | [22m[2m-[22m               [2m | [22m  [36m1.32 kB[39m[2m | [22m                       

[1mLazy chunk files[22m     [2m | [22m[1mNames[22m           [2m | [22m [1mRaw size[22m
[32mchunk-43NVI3V7.mjs[39m   [2m | [22m[2mxhr2[22m            [2m | [22m [36m12.15 kB[39m[2m | [22m                       
[32mchunk-YSARPHWG.mjs[39m   [2m | [22m[2mxhr2[22m            [2m | [22m [36m12.08 kB[39m[2m | [22m                       

[35mPrerendered 1 static route.[39m
Application bundle generation complete. [4.641 seconds]

Output location: /home/nelson/Escritorio/projects/personal/javascript/angular/ecopulse/apps/admin/dist/admin

[?25h[1G[0K⠙[1G[0K
